<?xml version="1.0" encoding="UTF-8"?>
<!-- Generated by org.testng.reporters.JUnitReportReporter -->
<testsuite hostname="Sushil" failures="0" tests="3" name="com.class01.TitleLogoAndLoginValidation" time="41.757" errors="0" timestamp="2020-05-24T12:11:54 EDT" skipped="0">
  <testcase classname="com.class01.TitleLogoAndLoginValidation" name="titleValidation" time="11.647"/>
  <system-out/>
  <testcase classname="com.class01.TitleLogoAndLoginValidation" name="validLogin" time="17.199"/>
  <system-out/>
  <testcase classname="com.class01.TitleLogoAndLoginValidation" name="logoValidation" time="12.911"/>
  <system-out/>
</testsuite> <!-- com.class01.TitleLogoAndLoginValidation -->
