<?xml version="1.0" encoding="UTF-8"?>
<!-- Generated by org.testng.reporters.JUnitReportReporter -->
<testsuite hostname="Sushil" failures="0" tests="3" name="com.class01.TestNGDemo" time="0.010" errors="0" timestamp="2020-06-02T10:03:00 EDT" skipped="0">
  <testcase classname="com.class01.TestNGDemo" name="testTwo" time="0.002"/>
  <system-out/>
  <testcase classname="com.class01.TestNGDemo" name="testOne" time="0.007"/>
  <system-out/>
  <testcase classname="com.class01.TestNGDemo" name="testThree" time="0.001"/>
  <system-out/>
</testsuite> <!-- com.class01.TestNGDemo -->
