<?xml version="1.0" encoding="UTF-8"?>
<!-- Generated by org.testng.reporters.JUnitReportReporter -->
<testsuite hostname="Sushil" failures="0" tests="1" name="com.test.AddEmployeeTest" time="31.195" errors="0" timestamp="2020-05-27T14:39:51 EDT" skipped="0">
  <testcase classname="com.test.AddEmployeeTest" name="addEmployeePage" time="31.195"/>
  <system-out/>
</testsuite> <!-- com.test.AddEmployeeTest -->
