<?xml version="1.0" encoding="UTF-8"?>
<!-- Generated by org.testng.reporters.JUnitReportReporter -->
<testsuite hostname="Sushil" failures="0" tests="1" name="com.class01.PracticeOne" time="0.057" errors="0" timestamp="2020-05-22T17:01:05 EDT" skipped="0">
  <testcase classname="com.class01.PracticeOne" name="testTwoMethod" time="0.057"/>
  <system-out/>
</testsuite> <!-- com.class01.PracticeOne -->
