<?xml version="1.0" encoding="UTF-8"?>
<!-- Generated by org.testng.reporters.JUnitReportReporter -->
<testsuite hostname="Sushil" failures="0" tests="1" name="com.class01.Practice" time="15.430" errors="0" timestamp="2020-05-27T11:19:25 EDT" skipped="0">
  <testcase classname="com.class01.Practice" name="login" time="15.430"/>
  <system-out/>
</testsuite> <!-- com.class01.Practice -->
