<?xml version="1.0" encoding="UTF-8"?>
<!-- Generated by org.testng.reporters.JUnitReportReporter -->
<testsuite hostname="Sushil" failures="0" tests="3" name="com.class03.GroupsPractice" time="0.015" errors="0" timestamp="2020-05-27T16:50:04 EDT" skipped="0">
  <testcase classname="com.class03.GroupsPractice" name="test2" time="0.006"/>
  <system-out/>
  <testcase classname="com.class03.GroupsPractice" name="test4" time="0.008"/>
  <system-out/>
  <testcase classname="com.class03.GroupsPractice" name="test5" time="0.001"/>
  <system-out/>
</testsuite> <!-- com.class03.GroupsPractice -->
