<?xml version="1.0" encoding="UTF-8"?>
<!-- Generated by org.testng.reporters.JUnitReportReporter -->
<testsuite hostname="Sushil" failures="0" tests="1" name="com.test.LoginPractice" time="12.675" errors="0" timestamp="2020-05-26T13:07:25 EDT" skipped="0">
  <testcase classname="com.test.LoginPractice" name="login" time="12.675"/>
  <system-out/>
</testsuite> <!-- com.test.LoginPractice -->
