<?xml version="1.0" encoding="UTF-8"?>
<!-- Generated by org.testng.reporters.JUnitReportReporter -->
<testsuite hostname="Sushil" failures="0" tests="1" name="TestNGReview.Task1" time="9.190" errors="0" timestamp="2020-05-21T21:10:01 EDT" skipped="0">
  <testcase classname="TestNGReview.Task1" name="verify" time="9.190"/>
  <system-out/>
</testsuite> <!-- TestNGReview.Task1 -->
